<?xml version="1.0" encoding="UTF-8"?>
<!-- Generated by org.testng.reporters.JUnitReportReporter -->
<testsuite hostname="LAPTOP-S009O8FF" failures="0" tests="1" name="driverFactory.DriverScript" time="24.649" errors="0" timestamp="2023-09-28T16:05:48 IST" skipped="0">
  <testcase classname="driverFactory.DriverScript" name="startTest" time="24.649">
    <system-out>
      <![CDATA[No of rows are::10
Login success::dashboard    http://orangehrm.qedgetech.com/symfony/web/index.php/dashboard
Login Failed::dashboard   http://orangehrm.qedgetech.com/symfony/web/index.php/auth/validateCredentials
Login Failed::dashboard   http://orangehrm.qedgetech.com/symfony/web/index.php/auth/validateCredentials
Login Failed::dashboard   http://orangehrm.qedgetech.com/symfony/web/index.php/auth/login
Login success::dashboard    http://orangehrm.qedgetech.com/symfony/web/index.php/dashboard
Login Failed::dashboard   http://orangehrm.qedgetech.com/symfony/web/index.php/auth/login
Login success::dashboard    http://orangehrm.qedgetech.com/symfony/web/index.php/dashboard
Login Failed::dashboard   http://orangehrm.qedgetech.com/symfony/web/index.php/auth/login
Login success::dashboard    http://orangehrm.qedgetech.com/symfony/web/index.php/dashboard
Login Failed::dashboard   http://orangehrm.qedgetech.com/symfony/web/index.php/auth/validateCredentials]]>
    </system-out>
  </testcase> <!-- startTest -->
  <system-out>
    <![CDATA[No of rows are::10
Login success::dashboard    http://orangehrm.qedgetech.com/symfony/web/index.php/dashboard
Login Failed::dashboard   http://orangehrm.qedgetech.com/symfony/web/index.php/auth/validateCredentials
Login Failed::dashboard   http://orangehrm.qedgetech.com/symfony/web/index.php/auth/validateCredentials
Login Failed::dashboard   http://orangehrm.qedgetech.com/symfony/web/index.php/auth/login
Login success::dashboard    http://orangehrm.qedgetech.com/symfony/web/index.php/dashboard
Login Failed::dashboard   http://orangehrm.qedgetech.com/symfony/web/index.php/auth/login
Login success::dashboard    http://orangehrm.qedgetech.com/symfony/web/index.php/dashboard
Login Failed::dashboard   http://orangehrm.qedgetech.com/symfony/web/index.php/auth/login
Login success::dashboard    http://orangehrm.qedgetech.com/symfony/web/index.php/dashboard
Login Failed::dashboard   http://orangehrm.qedgetech.com/symfony/web/index.php/auth/validateCredentials]]>
  </system-out>
</testsuite> <!-- driverFactory.DriverScript -->
